<?xml version="1.0" encoding="UTF-8" ?>
<testsuite tests="4" failures="0" name="com.tingyun.chart.go.testcase.GoMemoryMemSysTest" time="0.537" errors="0" skipped="0">
  <properties>
[...]
</properties>
  <testcase classname="com.tingyun.chart.go.testcase.GoMemoryMemSysTest" name="test_1D" time="0.074"/>
  <testcase classname="com.tingyun.chart.go.testcase.GoMemoryMemSysTest" name="test_30min" time="0.169"/>
  <testcase classname="com.tingyun.chart.go.testcase.GoMemoryMemSysTest" name="test_1h" time="0.191"/>
  <testcase classname="com.tingyun.chart.go.testcase.GoMemoryMemSysTest" name="test_15D" time="0.097"/>
</testsuite>